<?xml version="1.0" encoding="UTF-8"?>
<!-- Generated by org.testng.reporters.JUnitReportReporter -->
<testsuite hostname="LAPTOP-8BKVU749" failures="0" tests="1" name="testCases.TC002_LoginTest" time="1.536" errors="0" timestamp="2024-11-08T00:06:01 IST" skipped="0">
  <testcase classname="testCases.TC002_LoginTest" name="verify_login" time="1.536"/>
</testsuite> <!-- testCases.TC002_LoginTest -->
