<?xml version="1.0" encoding="UTF-8"?>
<!-- Generated by org.testng.reporters.JUnitReportReporter -->
<testsuite hostname="LAPTOP-8BKVU749" failures="0" tests="1" name="testCases.TC001_AccountRegistrationTest" time="1.811" errors="0" timestamp="2024-11-08T00:06:01 IST" skipped="0">
  <testcase classname="testCases.TC001_AccountRegistrationTest" name="verify_account_registration" time="1.811"/>
</testsuite> <!-- testCases.TC001_AccountRegistrationTest -->
